<?xml version="1.0" encoding="UTF-8"?>
<coverage generated="1546985246880" clover="3.2.0">
  <project timestamp="1546985246880" name="All files">
    <metrics statements="36" coveredstatements="13" conditionals="6" coveredconditionals="1" methods="14" coveredmethods="7" elements="56" coveredelements="21" complexity="0" loc="36" ncloc="36" packages="3" files="6" classes="6">
      <package name="src">
        <metrics statements="22" coveredstatements="5" conditionals="4" coveredconditionals="1" methods="7" coveredmethods="3"/>
        <file name="App.js" path="/home/caadmin/repos/bookmark-mern-client/src/App.js">
          <metrics statements="17" coveredstatements="5" conditionals="4" coveredconditionals="1" methods="7" coveredmethods="3"/>
          <line num="11" count="1" type="stmt"/>
          <line num="12" count="1" type="stmt"/>
          <line num="23" count="0" type="stmt"/>
          <line num="24" count="0" type="stmt"/>
          <line num="25" count="0" type="stmt"/>
          <line num="26" count="0" type="stmt"/>
          <line num="30" count="0" type="stmt"/>
          <line num="31" count="0" type="stmt"/>
          <line num="33" count="0" type="stmt"/>
          <line num="42" count="0" type="stmt"/>
          <line num="43" count="0" type="stmt"/>
          <line num="48" count="1" type="cond" truecount="1" falsecount="1"/>
          <line num="49" count="1" type="stmt"/>
          <line num="55" count="1" type="stmt"/>
          <line num="58" count="0" type="cond" truecount="0" falsecount="2"/>
          <line num="59" count="0" type="stmt"/>
          <line num="61" count="0" type="stmt"/>
        </file>
        <file name="index.js" path="/home/caadmin/repos/bookmark-mern-client/src/index.js">
          <metrics statements="5" coveredstatements="0" conditionals="0" coveredconditionals="0" methods="0" coveredmethods="0"/>
          <line num="1" count="0" type="stmt"/>
          <line num="2" count="0" type="stmt"/>
          <line num="3" count="0" type="stmt"/>
          <line num="4" count="0" type="stmt"/>
          <line num="6" count="0" type="stmt"/>
        </file>
      </package>
      <package name="src.api">
        <metrics statements="1" coveredstatements="1" conditionals="0" coveredconditionals="0" methods="0" coveredmethods="0"/>
        <file name="init.js" path="/home/caadmin/repos/bookmark-mern-client/src/api/init.js">
          <metrics statements="1" coveredstatements="1" conditionals="0" coveredconditionals="0" methods="0" coveredmethods="0"/>
          <line num="3" count="1" type="stmt"/>
        </file>
      </package>
      <package name="src.components">
        <metrics statements="13" coveredstatements="7" conditionals="2" coveredconditionals="0" methods="7" coveredmethods="4"/>
        <file name="Bookmark.js" path="/home/caadmin/repos/bookmark-mern-client/src/components/Bookmark.js">
          <metrics statements="2" coveredstatements="0" conditionals="0" coveredconditionals="0" methods="1" coveredmethods="0"/>
          <line num="4" count="0" type="stmt"/>
          <line num="5" count="0" type="stmt"/>
        </file>
        <file name="BookmarkList.js" path="/home/caadmin/repos/bookmark-mern-client/src/components/BookmarkList.js">
          <metrics statements="10" coveredstatements="7" conditionals="0" coveredconditionals="0" methods="5" coveredmethods="4"/>
          <line num="7" count="1" type="stmt"/>
          <line num="8" count="1" type="stmt"/>
          <line num="14" count="1" type="stmt"/>
          <line num="15" count="1" type="stmt"/>
          <line num="16" count="0" type="stmt"/>
          <line num="19" count="0" type="stmt"/>
          <line num="24" count="1" type="stmt"/>
          <line num="28" count="1" type="stmt"/>
          <line num="29" count="1" type="stmt"/>
          <line num="33" count="0" type="stmt"/>
        </file>
        <file name="Signin.js" path="/home/caadmin/repos/bookmark-mern-client/src/components/Signin.js">
          <metrics statements="1" coveredstatements="0" conditionals="2" coveredconditionals="0" methods="1" coveredmethods="0"/>
          <line num="4" count="0" type="stmt"/>
        </file>
      </package>
    </metrics>
  </project>
</coverage>
