{"/home/caadmin/repos/bookmark-mern-client/src/App.js": {"path":"/home/caadmin/repos/bookmark-mern-client/src/App.js","statementMap":{"0":{"start":{"line":11,"column":4},"end":{"line":11,"column":16}},"1":{"start":{"line":12,"column":4},"end":{"line":15,"column":5}},"2":{"start":{"line":23,"column":4},"end":{"line":34,"column":5}},"3":{"start":{"line":24,"column":6},"end":{"line":24,"column":28}},"4":{"start":{"line":25,"column":19},"end":{"line":25,"column":31}},"5":{"start":{"line":26,"column":23},"end":{"line":29,"column":8}},"6":{"start":{"line":30,"column":23},"end":{"line":30,"column":53}},"7":{"start":{"line":31,"column":6},"end":{"line":31,"column":42}},"8":{"start":{"line":33,"column":6},"end":{"line":33,"column":50}},"9":{"start":{"line":42,"column":4},"end":{"line":44,"column":6}},"10":{"start":{"line":43,"column":6},"end":{"line":43,"column":36}},"11":{"start":{"line":48,"column":26},"end":{"line":48,"column":68}},"12":{"start":{"line":49,"column":4},"end":{"line":70,"column":6}},"13":{"start":{"line":55,"column":14},"end":{"line":55,"column":49}},"14":{"start":{"line":58,"column":14},"end":{"line":62,"column":15}},"15":{"start":{"line":59,"column":16},"end":{"line":59,"column":53}},"16":{"start":{"line":61,"column":16},"end":{"line":61,"column":103}}},"fnMap":{"0":{"name":"(anonymous_0)","decl":{"start":{"line":10,"column":2},"end":{"line":10,"column":3}},"loc":{"start":{"line":10,"column":21},"end":{"line":16,"column":3}},"line":10},"1":{"name":"(anonymous_1)","decl":{"start":{"line":22,"column":17},"end":{"line":22,"column":18}},"loc":{"start":{"line":22,"column":34},"end":{"line":35,"column":3}},"line":22},"2":{"name":"(anonymous_2)","decl":{"start":{"line":41,"column":18},"end":{"line":41,"column":19}},"loc":{"start":{"line":41,"column":29},"end":{"line":45,"column":3}},"line":41},"3":{"name":"(anonymous_3)","decl":{"start":{"line":42,"column":33},"end":{"line":42,"column":34}},"loc":{"start":{"line":42,"column":39},"end":{"line":44,"column":5}},"line":42},"4":{"name":"(anonymous_4)","decl":{"start":{"line":47,"column":2},"end":{"line":47,"column":3}},"loc":{"start":{"line":47,"column":11},"end":{"line":71,"column":3}},"line":47},"5":{"name":"(anonymous_5)","decl":{"start":{"line":54,"column":42},"end":{"line":54,"column":43}},"loc":{"start":{"line":54,"column":53},"end":{"line":56,"column":13}},"line":54},"6":{"name":"(anonymous_6)","decl":{"start":{"line":57,"column":47},"end":{"line":57,"column":48}},"loc":{"start":{"line":57,"column":58},"end":{"line":63,"column":13}},"line":57}},"branchMap":{"0":{"loc":{"start":{"line":48,"column":26},"end":{"line":48,"column":68}},"type":"binary-expr","locations":[{"start":{"line":48,"column":26},"end":{"line":48,"column":42}},{"start":{"line":48,"column":46},"end":{"line":48,"column":68}}],"line":48},"1":{"loc":{"start":{"line":58,"column":14},"end":{"line":62,"column":15}},"type":"if","locations":[{"start":{"line":58,"column":14},"end":{"line":62,"column":15}},{"start":{"line":58,"column":14},"end":{"line":62,"column":15}}],"line":58}},"s":{"0":1,"1":1,"2":0,"3":0,"4":0,"5":0,"6":0,"7":0,"8":0,"9":0,"10":0,"11":1,"12":1,"13":1,"14":0,"15":0,"16":0},"f":{"0":1,"1":0,"2":0,"3":0,"4":1,"5":1,"6":0},"b":{"0":[1,0],"1":[0,0]},"_coverageSchema":"332fd63041d2c1bcb487cc26dd0d5f7d97098a6c","hash":"449eb1855071d02298d619f864676c420c313498"}
,"/home/caadmin/repos/bookmark-mern-client/src/index.js": {"path":"/home/caadmin/repos/bookmark-mern-client/src/index.js","statementMap":{"0":{"start":{"line":1,"column":0},"end":{"line":null,"column":-1}},"1":{"start":{"line":2,"column":0},"end":{"line":null,"column":-1}},"2":{"start":{"line":3,"column":0},"end":{"line":null,"column":-1}},"3":{"start":{"line":4,"column":0},"end":{"line":null,"column":-1}},"4":{"start":{"line":6,"column":0},"end":{"line":null,"column":-1}}},"fnMap":{},"branchMap":{},"s":{"0":0,"1":0,"2":0,"3":0,"4":0},"f":{},"b":{}}
,"/home/caadmin/repos/bookmark-mern-client/src/api/init.js": {"path":"/home/caadmin/repos/bookmark-mern-client/src/api/init.js","statementMap":{"0":{"start":{"line":3,"column":12},"end":{"line":5,"column":2}}},"fnMap":{},"branchMap":{},"s":{"0":1},"f":{},"b":{},"_coverageSchema":"332fd63041d2c1bcb487cc26dd0d5f7d97098a6c","hash":"7f7992f873ab31d36c32b7f60bfe584ca77dfa37"}
,"/home/caadmin/repos/bookmark-mern-client/src/components/Bookmark.js": {"path":"/home/caadmin/repos/bookmark-mern-client/src/components/Bookmark.js","statementMap":{"0":{"start":{"line":4,"column":27},"end":{"line":4,"column":32}},"1":{"start":{"line":5,"column":4},"end":{"line":9,"column":5}}},"fnMap":{"0":{"name":"Bookmark","decl":{"start":{"line":3,"column":9},"end":{"line":3,"column":17}},"loc":{"start":{"line":3,"column":25},"end":{"line":10,"column":1}},"line":3}},"branchMap":{},"s":{"0":0,"1":0},"f":{"0":0},"b":{},"_coverageSchema":"332fd63041d2c1bcb487cc26dd0d5f7d97098a6c","hash":"c720f3b97429dd00519d0fe6c2c1ec66eb256ac9"}
,"/home/caadmin/repos/bookmark-mern-client/src/components/BookmarkList.js": {"path":"/home/caadmin/repos/bookmark-mern-client/src/components/BookmarkList.js","statementMap":{"0":{"start":{"line":7,"column":8},"end":{"line":7,"column":20}},"1":{"start":{"line":8,"column":8},"end":{"line":8,"column":38}},"2":{"start":{"line":14,"column":8},"end":{"line":20,"column":9}},"3":{"start":{"line":15,"column":30},"end":{"line":15,"column":57}},"4":{"start":{"line":16,"column":12},"end":{"line":16,"column":56}},"5":{"start":{"line":19,"column":12},"end":{"line":19,"column":57}},"6":{"start":{"line":24,"column":8},"end":{"line":24,"column":29}},"7":{"start":{"line":28,"column":30},"end":{"line":28,"column":40}},"8":{"start":{"line":29,"column":8},"end":{"line":37,"column":9}},"9":{"start":{"line":33,"column":36},"end":{"line":33,"column":81}}},"fnMap":{"0":{"name":"(anonymous_0)","decl":{"start":{"line":6,"column":4},"end":{"line":6,"column":5}},"loc":{"start":{"line":6,"column":23},"end":{"line":9,"column":5}},"line":6},"1":{"name":"(anonymous_1)","decl":{"start":{"line":13,"column":4},"end":{"line":13,"column":5}},"loc":{"start":{"line":13,"column":27},"end":{"line":21,"column":5}},"line":13},"2":{"name":"(anonymous_2)","decl":{"start":{"line":23,"column":4},"end":{"line":23,"column":5}},"loc":{"start":{"line":23,"column":24},"end":{"line":25,"column":5}},"line":23},"3":{"name":"(anonymous_3)","decl":{"start":{"line":27,"column":4},"end":{"line":27,"column":5}},"loc":{"start":{"line":27,"column":13},"end":{"line":38,"column":5}},"line":27},"4":{"name":"(anonymous_4)","decl":{"start":{"line":33,"column":24},"end":{"line":33,"column":25}},"loc":{"start":{"line":33,"column":36},"end":{"line":33,"column":81}},"line":33}},"branchMap":{},"s":{"0":1,"1":1,"2":1,"3":1,"4":0,"5":0,"6":1,"7":1,"8":1,"9":0},"f":{"0":1,"1":1,"2":1,"3":1,"4":0},"b":{},"_coverageSchema":"332fd63041d2c1bcb487cc26dd0d5f7d97098a6c","hash":"227be6652f05c3fea01ee48d2a530cb1a7e57f0d"}
,"/home/caadmin/repos/bookmark-mern-client/src/components/Signin.js": {"path":"/home/caadmin/repos/bookmark-mern-client/src/components/Signin.js","statementMap":{"0":{"start":{"line":4,"column":4},"end":{"line":9,"column":11}}},"fnMap":{"0":{"name":"(anonymous_0)","decl":{"start":{"line":3,"column":15},"end":{"line":3,"column":16}},"loc":{"start":{"line":4,"column":4},"end":{"line":9,"column":11}},"line":4}},"branchMap":{"0":{"loc":{"start":{"line":5,"column":9},"end":{"line":5,"column":42}},"type":"binary-expr","locations":[{"start":{"line":5,"column":9},"end":{"line":5,"column":19}},{"start":{"line":5,"column":23},"end":{"line":5,"column":42}}],"line":5}},"s":{"0":0},"f":{"0":0},"b":{"0":[0,0]},"_coverageSchema":"332fd63041d2c1bcb487cc26dd0d5f7d97098a6c","hash":"e9ca17af01fda00dbaf24cd7e8769e47aa052e1b"}
}
