TN:
SF:/home/caadmin/repos/bookmark-mern-client/src/App.js
FN:10,(anonymous_0)
FN:22,(anonymous_1)
FN:41,(anonymous_2)
FN:42,(anonymous_3)
FN:47,(anonymous_4)
FN:54,(anonymous_5)
FN:57,(anonymous_6)
FNF:7
FNH:3
FNDA:1,(anonymous_0)
FNDA:0,(anonymous_1)
FNDA:0,(anonymous_2)
FNDA:0,(anonymous_3)
FNDA:1,(anonymous_4)
FNDA:1,(anonymous_5)
FNDA:0,(anonymous_6)
DA:11,1
DA:12,1
DA:23,0
DA:24,0
DA:25,0
DA:26,0
DA:30,0
DA:31,0
DA:33,0
DA:42,0
DA:43,0
DA:48,1
DA:49,1
DA:55,1
DA:58,0
DA:59,0
DA:61,0
LF:17
LH:5
BRDA:48,0,0,1
BRDA:48,0,1,0
BRDA:58,1,0,0
BRDA:58,1,1,0
BRF:4
BRH:1
end_of_record
TN:
SF:/home/caadmin/repos/bookmark-mern-client/src/index.js
FNF:0
FNH:0
DA:1,0
DA:2,0
DA:3,0
DA:4,0
DA:6,0
LF:5
LH:0
BRF:0
BRH:0
end_of_record
TN:
SF:/home/caadmin/repos/bookmark-mern-client/src/api/init.js
FNF:0
FNH:0
DA:3,1
LF:1
LH:1
BRF:0
BRH:0
end_of_record
TN:
SF:/home/caadmin/repos/bookmark-mern-client/src/components/Bookmark.js
FN:3,Bookmark
FNF:1
FNH:0
FNDA:0,Bookmark
DA:4,0
DA:5,0
LF:2
LH:0
BRF:0
BRH:0
end_of_record
TN:
SF:/home/caadmin/repos/bookmark-mern-client/src/components/BookmarkList.js
FN:6,(anonymous_0)
FN:13,(anonymous_1)
FN:23,(anonymous_2)
FN:27,(anonymous_3)
FN:33,(anonymous_4)
FNF:5
FNH:4
FNDA:1,(anonymous_0)
FNDA:1,(anonymous_1)
FNDA:1,(anonymous_2)
FNDA:1,(anonymous_3)
FNDA:0,(anonymous_4)
DA:7,1
DA:8,1
DA:14,1
DA:15,1
DA:16,0
DA:19,0
DA:24,1
DA:28,1
DA:29,1
DA:33,0
LF:10
LH:7
BRF:0
BRH:0
end_of_record
TN:
SF:/home/caadmin/repos/bookmark-mern-client/src/components/Signin.js
FN:3,(anonymous_0)
FNF:1
FNH:0
FNDA:0,(anonymous_0)
DA:4,0
LF:1
LH:0
BRDA:5,0,0,0
BRDA:5,0,1,0
BRF:2
BRH:0
end_of_record
